<?xml version="1.0" encoding="utf-8" standalone="no"?>
<!--This file represents the results of running a test suite-->
<test-results name="C:\Users\Marc-André\Dropbox\GestionnaireLivre\GLTest\Project2.nunit" total="7" errors="0" failures="0" not-run="0" inconclusive="0" ignored="0" skipped="0" invalid="0" date="2015-10-04" time="03:06:22">
  <environment nunit-version="2.6.4.14350" clr-version="2.0.50727.8009" os-version="Microsoft Windows NT 6.2.9200.0" platform="Win32NT" cwd="C:\Users\Marc-André\Dropbox\GestionnaireLivre\GLTest" machine-name="MARCCARBON-PC" user="Marc" user-domain="MarcCarbon-PC" />
  <culture-info current-culture="en-US" current-uiculture="en-US" />
  <test-suite type="Project" name="C:\Users\Marc-André\Dropbox\GestionnaireLivre\GLTest\Project2.nunit" executed="True" result="Success" success="True" time="0.072" asserts="0">
    <results>
      <test-suite type="Assembly" name="C:\Users\Marc-André\Dropbox\GestionnaireLivre\GLTest\bin\Debug\GLTest.dll" executed="True" result="Success" success="True" time="0.072" asserts="0">
        <results>
          <test-suite type="Namespace" name="GLTest" executed="True" result="Success" success="True" time="0.071" asserts="0">
            <results>
              <test-suite type="Namespace" name="Model" executed="True" result="Success" success="True" time="0.071" asserts="0">
                <results>
                  <test-suite type="TestFixture" name="CryptingTest" executed="True" result="Success" success="True" time="0.012" asserts="0">
                    <results>
                      <test-suite type="ParameterizedTest" name="TestMD5Crypting" executed="True" result="Success" success="True" time="0.004" asserts="0">
                        <results>
                          <test-case name="GLTest.Model.CryptingTest.Different pass " executed="True" result="Success" success="True" time="0.000" asserts="1" />
                          <test-case name="GLTest.Model.CryptingTest.Same pass" executed="True" result="Success" success="True" time="0.000" asserts="1" />
                        </results>
                      </test-suite>
                      <test-suite type="ParameterizedTest" name="TestSHA512Crypting" executed="True" result="Success" success="True" time="0.004" asserts="0">
                        <results>
                          <test-case name="GLTest.Model.CryptingTest.Different pass " executed="True" result="Success" success="True" time="0.000" asserts="1" />
                          <test-case name="GLTest.Model.CryptingTest.Same pass" executed="True" result="Success" success="True" time="0.000" asserts="1" />
                        </results>
                      </test-suite>
                    </results>
                  </test-suite>
                  <test-suite type="Namespace" name="Services" executed="True" result="Success" success="True" time="0.053" asserts="0">
                    <results>
                      <test-suite type="TestFixture" name="DataBaseServiceTest" executed="True" result="Success" success="True" time="0.052" asserts="0">
                        <results>
                          <test-suite type="ParameterizedTest" name="TestCheckUserCrendential" executed="True" result="Success" success="True" time="0.051" asserts="0">
                            <results>
                              <test-case name="GLTest.Model.Services.DataBaseServiceTest.TestWrongUserCrendential" executed="True" result="Success" success="True" time="0.042" asserts="1" />
                              <test-case name="GLTest.Model.Services.DataBaseServiceTest.TestRightUserCrendential" executed="True" result="Success" success="True" time="0.001" asserts="1" />
                              <test-case name="GLTest.Model.Services.DataBaseServiceTest.TestRightUserCrendential" executed="True" result="Success" success="True" time="0.001" asserts="1" />
                            </results>
                          </test-suite>
                        </results>
                      </test-suite>
                    </results>
                  </test-suite>
                </results>
              </test-suite>
            </results>
          </test-suite>
        </results>
      </test-suite>
    </results>
  </test-suite>
</test-results>